0	1	mikroCPIC32.exe -MSF -DBG -pP32MX795F512L -RA -DL -SSA -EBASE 0x9FC01000 -INTDEF MV_SRS7_IS32 -O11111114 -fo80 -N"C:\Users\Software\Documents\Mikroelektronika\mikroC PRO for PIC32\Packages\WIFI_MM\WIFI.mcp32" -SP"C:\Users\Software\Documents\Mikroelektronika\mikroC PRO for PIC32\Defs\" -SP"C:\Users\Software\Documents\Mikroelektronika\mikroC PRO for PIC32\Uses\" -SP"C:\Users\Software\Documents\Mikroelektronika\mikroC PRO for PIC32\Packages\WIFI_MM\" -SP"C:\Users\Software\Documents\Mikroelektronika\mikroC PRO for PIC32\Packages\mikroBUS Board Definition API\Uses\" -IP"C:\Users\Software\Documents\Mikroelektronika\mikroC PRO for PIC32\Uses\" -IP"C:\Users\Software\Documents\Mikroelektronika\mikroC PRO for PIC32\Packages\WIFI_MM\" -IP"C:\Users\Software\Documents\Mikroelektronika\mikroC PRO for PIC32\Packages\mikroBUS Board Definition API\Uses\" "WIFI.c" "WIFI4_CLICK.c" "__WIFI4_hal.c" "__Lib_CP0.emcl" "__Lib_Math.emcl" "__Lib_MathDouble.emcl" "__Lib_System.emcl" "__Lib_SoftResetDma.emcl" "__Lib_Delays.emcl" "__Lib_CType.emcl" "__Lib_CString.emcl" "__Lib_CStdlib.emcl" "__Lib_Conversions.emcl" "__Lib_UART_123456.emcl" "easypicfusion_v7_P32MX795F512L.emcl" "NewUnit_0.pld"	 
diagnostics: 0	122	Compilation Started	P32MX795F512L.c
diagnostics: 39364	123	Compiled Successfully	P32MX795F512L.c
diagnostics: 0	122	Compilation Started	__Lib_Delays.c
diagnostics: 176	123	Compiled Successfully	__Lib_Delays.c
diagnostics: 0	122	Compilation Started	stdint.h
diagnostics: 349	123	Compiled Successfully	easypicfusion_v7_P32MX795F512L.c
diagnostics: 0	122	Compilation Started	stdint.h
diagnostics: 147	123	Compiled Successfully	WIFI.c
diagnostics: 0	122	Compilation Started	stdint.h
warning: 539	1508	Implicit conversion of int to ptr	WIFI4_CLICK.c
warning: 561	1508	Implicit conversion of int to ptr	WIFI4_CLICK.c
warning: 567	1508	Implicit conversion of int to ptr	WIFI4_CLICK.c
warning: 573	1508	Implicit conversion of int to ptr	WIFI4_CLICK.c
warning: 579	1508	Implicit conversion of int to ptr	WIFI4_CLICK.c
warning: 608	1506	Implicit conversion of pointer to int	WIFI4_CLICK.c
warning: 626	1508	Implicit conversion of int to ptr	WIFI4_CLICK.c
warning: 627	1508	Implicit conversion of int to ptr	WIFI4_CLICK.c
warning: 628	1508	Implicit conversion of int to ptr	WIFI4_CLICK.c
diagnostics: 658	123	Compiled Successfully	WIFI4_CLICK.c
diagnostics: 0	122	Compilation Started	stdint.h
diagnostics: 181	123	Compiled Successfully	__hal_pic32.c
diagnostics: 0	127	All files Compiled in 94 ms	 
diagnostics: 0	125	Project Linked Successfully	WIFI.mcp32
diagnostics: 0	128	Linked in 234 ms	 
diagnostics: 0	129	Project 'WIFI.mcp32' completed: 1155 ms	 
diagnostics: 0	103	Finished successfully: 19 Mar 2019, 14:47:53	WIFI.mcp32
